<?xml version="1.0" encoding="UTF-8"?>
<!-- Generated by org.testng.reporters.JUnitReportReporter -->
<testsuite skipped="0" hostname="jerrywbchen-PC0" name="com.jerry.protocol.test.TestPb" tests="2" failures="0" timestamp="18 Oct 2017 07:33:08 GMT" time="1.647" errors="0">
  <testcase name="TestStudent" time="1.168" classname="com.jerry.protocol.test.TestPb"/>
  <testcase name="TestTeacher" time="0.479" classname="com.jerry.protocol.test.TestPb"/>
</testsuite> <!-- com.jerry.protocol.test.TestPb -->
